<?xml version="1.0" encoding="UTF-8"?>
<testsuite name="kr.airi.raadmin.restapi.RestApiApplicationTests" tests="1" skipped="0" failures="0" errors="0" timestamp="2021-11-17T06:37:47" hostname="WLGNS8852-NB.local" time="0.091">
  <properties/>
  <testcase name="contextLoads()" classname="kr.airi.raadmin.restapi.RestApiApplicationTests" time="0.091"/>
  <system-out><![CDATA[15:37:37.671 [Test worker] DEBUG org.springframework.test.context.BootstrapUtils - Instantiating CacheAwareContextLoaderDelegate from class [org.springframework.test.context.cache.DefaultCacheAwareContextLoaderDelegate]
15:37:37.684 [Test worker] DEBUG org.springframework.test.context.BootstrapUtils - Instantiating BootstrapContext using constructor [public org.springframework.test.context.support.DefaultBootstrapContext(java.lang.Class,org.springframework.test.context.CacheAwareContextLoaderDelegate)]
15:37:37.727 [Test worker] DEBUG org.springframework.test.context.BootstrapUtils - Instantiating TestContextBootstrapper for test class [kr.airi.raadmin.restapi.RestApiApplicationTests] from class [org.springframework.boot.test.context.SpringBootTestContextBootstrapper]
15:37:37.748 [Test worker] INFO org.springframework.boot.test.context.SpringBootTestContextBootstrapper - Neither @ContextConfiguration nor @ContextHierarchy found for test class [kr.airi.raadmin.restapi.RestApiApplicationTests], using SpringBootContextLoader
15:37:37.753 [Test worker] DEBUG org.springframework.test.context.support.AbstractContextLoader - Did not detect default resource location for test class [kr.airi.raadmin.restapi.RestApiApplicationTests]: class path resource [kr/airi/raadmin/restapi/RestApiApplicationTests-context.xml] does not exist
15:37:37.753 [Test worker] DEBUG org.springframework.test.context.support.AbstractContextLoader - Did not detect default resource location for test class [kr.airi.raadmin.restapi.RestApiApplicationTests]: class path resource [kr/airi/raadmin/restapi/RestApiApplicationTestsContext.groovy] does not exist
15:37:37.753 [Test worker] INFO org.springframework.test.context.support.AbstractContextLoader - Could not detect default resource locations for test class [kr.airi.raadmin.restapi.RestApiApplicationTests]: no resource found for suffixes {-context.xml, Context.groovy}.
15:37:37.755 [Test worker] INFO org.springframework.test.context.support.AnnotationConfigContextLoaderUtils - Could not detect default configuration classes for test class [kr.airi.raadmin.restapi.RestApiApplicationTests]: RestApiApplicationTests does not declare any static, non-private, non-final, nested classes annotated with @Configuration.
15:37:37.812 [Test worker] DEBUG org.springframework.test.context.support.ActiveProfilesUtils - Could not find an 'annotation declaring class' for annotation type [org.springframework.test.context.ActiveProfiles] and class [kr.airi.raadmin.restapi.RestApiApplicationTests]
15:37:37.880 [Test worker] DEBUG org.springframework.context.annotation.ClassPathScanningCandidateComponentProvider - Identified candidate component class: file [/Users/airipjh/Desktop/git/server_info_rest_api/rest-api/build/classes/java/main/kr/airi/raadmin/restapi/RestApiApplication.class]
15:37:37.882 [Test worker] INFO org.springframework.boot.test.context.SpringBootTestContextBootstrapper - Found @SpringBootConfiguration kr.airi.raadmin.restapi.RestApiApplication for test class kr.airi.raadmin.restapi.RestApiApplicationTests
15:37:37.994 [Test worker] DEBUG org.springframework.boot.test.context.SpringBootTestContextBootstrapper - @TestExecutionListeners is not present for class [kr.airi.raadmin.restapi.RestApiApplicationTests]: using defaults.
15:37:37.995 [Test worker] INFO org.springframework.boot.test.context.SpringBootTestContextBootstrapper - Loaded default TestExecutionListener class names from location [META-INF/spring.factories]: [org.springframework.boot.test.autoconfigure.restdocs.RestDocsTestExecutionListener, org.springframework.boot.test.autoconfigure.web.client.MockRestServiceServerResetTestExecutionListener, org.springframework.boot.test.autoconfigure.web.servlet.MockMvcPrintOnlyOnFailureTestExecutionListener, org.springframework.boot.test.autoconfigure.web.servlet.WebDriverTestExecutionListener, org.springframework.boot.test.autoconfigure.webservices.client.MockWebServiceServerTestExecutionListener, org.springframework.boot.test.mock.mockito.MockitoTestExecutionListener, org.springframework.boot.test.mock.mockito.ResetMocksTestExecutionListener, org.springframework.test.context.web.ServletTestExecutionListener, org.springframework.test.context.support.DirtiesContextBeforeModesTestExecutionListener, org.springframework.test.context.event.ApplicationEventsTestExecutionListener, org.springframework.test.context.support.DependencyInjectionTestExecutionListener, org.springframework.test.context.support.DirtiesContextTestExecutionListener, org.springframework.test.context.transaction.TransactionalTestExecutionListener, org.springframework.test.context.jdbc.SqlScriptsTestExecutionListener, org.springframework.test.context.event.EventPublishingTestExecutionListener]
15:37:38.016 [Test worker] INFO org.springframework.boot.test.context.SpringBootTestContextBootstrapper - Using TestExecutionListeners: [org.springframework.test.context.web.ServletTestExecutionListener@30b34287, org.springframework.test.context.support.DirtiesContextBeforeModesTestExecutionListener@5489c777, org.springframework.test.context.event.ApplicationEventsTestExecutionListener@3676ac27, org.springframework.boot.test.mock.mockito.MockitoTestExecutionListener@62f87c44, org.springframework.boot.test.autoconfigure.SpringBootDependencyInjectionTestExecutionListener@48f5bde6, org.springframework.test.context.support.DirtiesContextTestExecutionListener@525d79f0, org.springframework.test.context.transaction.TransactionalTestExecutionListener@5149f008, org.springframework.test.context.jdbc.SqlScriptsTestExecutionListener@7072bc39, org.springframework.test.context.event.EventPublishingTestExecutionListener@158d255c, org.springframework.boot.test.autoconfigure.restdocs.RestDocsTestExecutionListener@2ca65ce4, org.springframework.boot.test.autoconfigure.web.client.MockRestServiceServerResetTestExecutionListener@327120c8, org.springframework.boot.test.autoconfigure.web.servlet.MockMvcPrintOnlyOnFailureTestExecutionListener@5707c1cb, org.springframework.boot.test.autoconfigure.web.servlet.WebDriverTestExecutionListener@2b5cb9b2, org.springframework.boot.test.autoconfigure.webservices.client.MockWebServiceServerTestExecutionListener@35038141, org.springframework.boot.test.mock.mockito.ResetMocksTestExecutionListener@ecf9049]
15:37:38.021 [Test worker] DEBUG org.springframework.test.context.support.AbstractDirtiesContextTestExecutionListener - Before test class: context [DefaultTestContext@5a4bef8 testClass = RestApiApplicationTests, testInstance = [null], testMethod = [null], testException = [null], mergedContextConfiguration = [WebMergedContextConfiguration@40bffbca testClass = RestApiApplicationTests, locations = '{}', classes = '{class kr.airi.raadmin.restapi.RestApiApplication}', contextInitializerClasses = '[]', activeProfiles = '{}', propertySourceLocations = '{}', propertySourceProperties = '{org.springframework.boot.test.context.SpringBootTestContextBootstrapper=true}', contextCustomizers = set[org.springframework.boot.test.autoconfigure.actuate.metrics.MetricsExportContextCustomizerFactory$DisableMetricExportContextCustomizer@2374d36a, org.springframework.boot.test.autoconfigure.properties.PropertyMappingContextCustomizer@0, org.springframework.boot.test.autoconfigure.web.servlet.WebDriverContextCustomizerFactory$Customizer@4795ded0, org.springframework.boot.test.context.filter.ExcludeFilterContextCustomizer@42f33b5d, org.springframework.boot.test.json.DuplicateJsonObjectContextCustomizerFactory$DuplicateJsonObjectContextCustomizer@6475472c, org.springframework.boot.test.mock.mockito.MockitoContextCustomizer@0, org.springframework.boot.test.web.client.TestRestTemplateContextCustomizer@4bc28c33, org.springframework.boot.test.context.SpringBootTestArgs@1, org.springframework.boot.test.context.SpringBootTestWebEnvironment@7098b907], resourceBasePath = 'src/main/webapp', contextLoader = 'org.springframework.boot.test.context.SpringBootContextLoader', parent = [null]], attributes = map['org.springframework.test.context.web.ServletTestExecutionListener.activateListener' -> true]], class annotated with @DirtiesContext [false] with mode [null].
15:37:38.067 [Test worker] DEBUG org.springframework.test.context.support.TestPropertySourceUtils - Adding inlined properties to environment: {spring.jmx.enabled=false, org.springframework.boot.test.context.SpringBootTestContextBootstrapper=true}

  .   ____          _            __ _ _
 /\\ / ___'_ __ _ _(_)_ __  __ _ \ \ \ \
( ( )\___ | '_ | '_| | '_ \/ _` | \ \ \ \
 \\/  ___)| |_)| | | | | || (_| |  ) ) ) )
  '  |____| .__|_| |_|_| |_\__, | / / / /
 =========|_|==============|___/=/_/_/_/
 :: Spring Boot ::                (v2.5.6)

2021-11-17 15:37:43.402  INFO 48096 --- [    Test worker] k.a.r.restapi.RestApiApplicationTests    : Starting RestApiApplicationTests using Java 11.0.11 on WLGNS8852-NB.local with PID 48096 (started by airipjh in /Users/airipjh/Desktop/git/server_info_rest_api/rest-api)
2021-11-17 15:37:43.404  INFO 48096 --- [    Test worker] k.a.r.restapi.RestApiApplicationTests    : No active profile set, falling back to default profiles: default
2021-11-17 15:37:44.242  INFO 48096 --- [    Test worker] .s.d.r.c.RepositoryConfigurationDelegate : Bootstrapping Spring Data JPA repositories in DEFAULT mode.
2021-11-17 15:37:44.315  INFO 48096 --- [    Test worker] .s.d.r.c.RepositoryConfigurationDelegate : Finished Spring Data repository scanning in 67 ms. Found 3 JPA repository interfaces.
2021-11-17 15:37:44.836  INFO 48096 --- [    Test worker] com.zaxxer.hikari.HikariDataSource       : HikariPool-1 - Starting...
2021-11-17 15:37:44.920  INFO 48096 --- [    Test worker] com.zaxxer.hikari.HikariDataSource       : HikariPool-1 - Start completed.
2021-11-17 15:37:44.975  INFO 48096 --- [    Test worker] o.hibernate.jpa.internal.util.LogHelper  : HHH000204: Processing PersistenceUnitInfo [name: default]
2021-11-17 15:37:45.020  INFO 48096 --- [    Test worker] org.hibernate.Version                    : HHH000412: Hibernate ORM core version 5.4.32.Final
2021-11-17 15:37:45.160  INFO 48096 --- [    Test worker] o.hibernate.annotations.common.Version   : HCANN000001: Hibernate Commons Annotations {5.1.2.Final}
2021-11-17 15:37:45.287  INFO 48096 --- [    Test worker] org.hibernate.dialect.Dialect            : HHH000400: Using dialect: org.hibernate.dialect.MariaDB103Dialect
2021-11-17 15:37:45.806  INFO 48096 --- [    Test worker] o.h.e.t.j.p.i.JtaPlatformInitiator       : HHH000490: Using JtaPlatform implementation: [org.hibernate.engine.transaction.jta.platform.internal.NoJtaPlatform]
2021-11-17 15:37:45.813  INFO 48096 --- [    Test worker] j.LocalContainerEntityManagerFactoryBean : Initialized JPA EntityManagerFactory for persistence unit 'default'
2021-11-17 15:37:46.419  WARN 48096 --- [    Test worker] JpaBaseConfiguration$JpaWebConfiguration : spring.jpa.open-in-view is enabled by default. Therefore, database queries may be performed during view rendering. Explicitly configure spring.jpa.open-in-view to disable this warning
2021-11-17 15:37:47.398  INFO 48096 --- [    Test worker] k.a.r.restapi.RestApiApplicationTests    : Started RestApiApplicationTests in 9.321 seconds (JVM running for 11.346)
]]></system-out>
  <system-err><![CDATA[]]></system-err>
</testsuite>
